0 info it worked if it ends with ok
1 verbose cli [ '/Users/LaurenMcNerney1/.node/bin/node',
1 verbose cli   '/Users/LaurenMcNerney1/.node/bin/npm',
1 verbose cli   'install',
1 verbose cli   'through2-map',
1 verbose cli   '--save' ]
2 info using npm@1.4.28
3 info using node@v0.10.35
4 warn package.json readline@0.0.8 readline is also the name of a node core module.
5 verbose cache add [ 'through2-map', null ]
6 verbose cache add name=undefined spec="through2-map" args=["through2-map",null]
7 verbose parsed url { protocol: null,
7 verbose parsed url   slashes: null,
7 verbose parsed url   auth: null,
7 verbose parsed url   host: null,
7 verbose parsed url   port: null,
7 verbose parsed url   hostname: null,
7 verbose parsed url   hash: null,
7 verbose parsed url   search: null,
7 verbose parsed url   query: null,
7 verbose parsed url   pathname: 'through2-map',
7 verbose parsed url   path: 'through2-map',
7 verbose parsed url   href: 'through2-map' }
8 silly lockFile c7179708-through2-map through2-map
9 verbose lock through2-map /Users/LaurenMcNerney1/.npm/c7179708-through2-map.lock
10 silly lockFile c7179708-through2-map through2-map
11 silly lockFile c7179708-through2-map through2-map
12 verbose addNamed [ 'through2-map', '' ]
13 verbose addNamed [ null, '*' ]
14 silly lockFile 13533bc5-through2-map through2-map@
15 verbose lock through2-map@ /Users/LaurenMcNerney1/.npm/13533bc5-through2-map.lock
16 silly addNameRange { name: 'through2-map', range: '*', hasData: false }
17 verbose request where is /through2-map
18 verbose request registry https://registry.npmjs.org/
19 verbose request id 9774bce7cf58e750
20 verbose url raw /through2-map
21 verbose url resolving [ 'https://registry.npmjs.org/', './through2-map' ]
22 verbose url resolved https://registry.npmjs.org/through2-map
23 verbose request where is https://registry.npmjs.org/through2-map
24 info trying registry request attempt 1 at 20:41:45
25 verbose etag "11MZ5VCS3WG0J4MW4DVB4T5G8"
26 http GET https://registry.npmjs.org/through2-map
27 http 304 https://registry.npmjs.org/through2-map
28 silly registry.get cb [ 304,
28 silly registry.get   { date: 'Sun, 26 Jul 2015 03:41:45 GMT',
28 silly registry.get     via: '1.1 varnish',
28 silly registry.get     'cache-control': 'max-age=60',
28 silly registry.get     etag: '"11MZ5VCS3WG0J4MW4DVB4T5G8"',
28 silly registry.get     age: '13',
28 silly registry.get     connection: 'keep-alive',
28 silly registry.get     'x-served-by': 'cache-sjc3125-SJC',
28 silly registry.get     'x-cache': 'HIT',
28 silly registry.get     'x-cache-hits': '1',
28 silly registry.get     'x-timer': 'S1437882105.438116,VS0,VE0',
28 silly registry.get     vary: 'Accept' } ]
29 verbose etag https://registry.npmjs.org/through2-map from cache
30 silly addNameRange number 2 { name: 'through2-map', range: '*', hasData: true }
31 silly addNameRange versions [ 'through2-map',
31 silly addNameRange   [ '1.0.0',
31 silly addNameRange     '1.0.1',
31 silly addNameRange     '1.0.2',
31 silly addNameRange     '1.1.0',
31 silly addNameRange     '1.2.0',
31 silly addNameRange     '1.2.1',
31 silly addNameRange     '1.3.0',
31 silly addNameRange     '1.4.0',
31 silly addNameRange     '2.0.0' ] ]
32 verbose addNamed [ 'through2-map', '2.0.0' ]
33 verbose addNamed [ '2.0.0', '2.0.0' ]
34 silly lockFile c100c9ba-through2-map-2-0-0 through2-map@2.0.0
35 verbose lock through2-map@2.0.0 /Users/LaurenMcNerney1/.npm/c100c9ba-through2-map-2-0-0.lock
36 silly lockFile 878cf4f1-ough2-map-through2-map-2-0-0-tgz https://registry.npmjs.org/through2-map/-/through2-map-2.0.0.tgz
37 verbose lock https://registry.npmjs.org/through2-map/-/through2-map-2.0.0.tgz /Users/LaurenMcNerney1/.npm/878cf4f1-ough2-map-through2-map-2-0-0-tgz.lock
38 verbose addRemoteTarball [ 'https://registry.npmjs.org/through2-map/-/through2-map-2.0.0.tgz',
38 verbose addRemoteTarball   '46984672e2c2d8a41e176f56fb575beb64d8ed7e' ]
39 info retry fetch attempt 1 at 20:41:45
40 verbose fetch to= /var/folders/ls/fv2yqtc93_g_jd1mqsg4rz6c0000gp/T/npm-41718-Vx0g-qN7/registry.npmjs.org/through2-map/-/through2-map-2.0.0.tgz
41 http GET https://registry.npmjs.org/through2-map/-/through2-map-2.0.0.tgz
42 http 200 https://registry.npmjs.org/through2-map/-/through2-map-2.0.0.tgz
43 silly lockFile 878cf4f1-ough2-map-through2-map-2-0-0-tgz https://registry.npmjs.org/through2-map/-/through2-map-2.0.0.tgz
44 silly lockFile 878cf4f1-ough2-map-through2-map-2-0-0-tgz https://registry.npmjs.org/through2-map/-/through2-map-2.0.0.tgz
45 silly lockFile c100c9ba-through2-map-2-0-0 through2-map@2.0.0
46 silly lockFile c100c9ba-through2-map-2-0-0 through2-map@2.0.0
47 silly lockFile 13533bc5-through2-map through2-map@
48 silly lockFile 13533bc5-through2-map through2-map@
49 error Error: EACCES, mkdir '/Users/LaurenMcNerney1/.npm/through2-map/2.0.0'
49 error  { [Error: EACCES, mkdir '/Users/LaurenMcNerney1/.npm/through2-map/2.0.0']
49 error   errno: 3,
49 error   code: 'EACCES',
49 error   path: '/Users/LaurenMcNerney1/.npm/through2-map/2.0.0' }
50 error Please try running this command again as root/Administrator.
51 error System Darwin 14.4.0
52 error command "/Users/LaurenMcNerney1/.node/bin/node" "/Users/LaurenMcNerney1/.node/bin/npm" "install" "through2-map" "--save"
53 error cwd /Users/LaurenMcNerney1/Code/CodeFellows/DevAc/learnyounode
54 error node -v v0.10.35
55 error npm -v 1.4.28
56 error path /Users/LaurenMcNerney1/.npm/through2-map/2.0.0
57 error code EACCES
58 error errno 3
59 error stack Error: EACCES, mkdir '/Users/LaurenMcNerney1/.npm/through2-map/2.0.0'
60 verbose exit [ 3, true ]
